<?xml version="1.0" encoding="UTF-8"?>
<testng-results ignored="0" total="1" passed="1" failed="0" skipped="0">
  <reporter-output>
  </reporter-output>
  <suite started-at="2024-09-22T22:38:03 IST" name="Suite" finished-at="2024-09-22T22:38:16 IST" duration-ms="12702">
    <groups>
    </groups>
    <test started-at="2024-09-22T22:38:03 IST" name="Test" finished-at="2024-09-22T22:38:16 IST" duration-ms="12702">
      <class name="com.TestCases.TC001_RegisterPage">
        <test-method is-config="true" signature="setup(java.lang.String,java.lang.String)[pri:0, instance:com.TestCases.TC001_RegisterPage@61ce23ac]" started-at="2024-09-22T22:38:03 IST" name="setup" finished-at="2024-09-22T22:38:08 IST" duration-ms="5381" status="PASS">
          <params>
            <param index="0">
              <value>
                <![CDATA[windows]]>
              </value>
            </param>
            <param index="1">
              <value>
                <![CDATA[chrome]]>
              </value>
            </param>
          </params>
          <reporter-output>
          </reporter-output>
        </test-method> <!-- setup -->
        <test-method signature="verifyRegisterPage()[pri:0, instance:com.TestCases.TC001_RegisterPage@61ce23ac]" started-at="2024-09-22T22:38:08 IST" name="verifyRegisterPage" finished-at="2024-09-22T22:38:15 IST" duration-ms="7092" status="PASS">
          <reporter-output>
          </reporter-output>
        </test-method> <!-- verifyRegisterPage -->
        <test-method is-config="true" signature="tearDown()[pri:0, instance:com.TestCases.TC001_RegisterPage@61ce23ac]" started-at="2024-09-22T22:38:15 IST" name="tearDown" finished-at="2024-09-22T22:38:16 IST" duration-ms="178" status="PASS">
          <reporter-output>
          </reporter-output>
        </test-method> <!-- tearDown -->
      </class> <!-- com.TestCases.TC001_RegisterPage -->
    </test> <!-- Test -->
  </suite> <!-- Suite -->
</testng-results>
